2021-04-04T12:28:03.279529Z 0 [Warning] TIMESTAMP with implicit DEFAULT value is deprecated. Please use --explicit_defaults_for_timestamp server option (see documentation for more details).
2021-04-04T12:28:03.290641Z 0 [Warning] Setting lower_case_table_names=2 because file system for /var/lib/mysql/ is case insensitive
2021-04-04T12:28:05.374593Z 0 [Warning] InnoDB: New log files created, LSN=45790
2021-04-04T12:28:05.803904Z 0 [Warning] InnoDB: Creating foreign key constraint system tables.
2021-04-04T12:28:05.851150Z 0 [Warning] No existing UUID has been found, so we assume that this is the first time that this server has been started. Generating a new UUID: 34f04f6c-9541-11eb-adf2-0242ac160002.
2021-04-04T12:28:05.857308Z 0 [Warning] Gtid table is not ready to be used. Table 'mysql.gtid_executed' cannot be opened.
2021-04-04T12:28:06.796874Z 0 [Warning] CA certificate ca.pem is self signed.
2021-04-04T12:28:07.141845Z 1 [Warning] root@localhost is created with an empty password ! Please consider switching off the --initialize-insecure option.
2021-04-04T12:28:18.070846Z 0 [Warning] TIMESTAMP with implicit DEFAULT value is deprecated. Please use --explicit_defaults_for_timestamp server option (see documentation for more details).
2021-04-04T12:28:18.079922Z 0 [Note] mysqld (mysqld 5.7.33) starting as process 80 ...
2021-04-04T12:28:18.088246Z 0 [Warning] Setting lower_case_table_names=2 because file system for /var/lib/mysql/ is case insensitive
2021-04-04T12:28:18.094229Z 0 [Note] InnoDB: PUNCH HOLE support available
2021-04-04T12:28:18.095316Z 0 [Note] InnoDB: Mutexes and rw_locks use GCC atomic builtins
2021-04-04T12:28:18.096289Z 0 [Note] InnoDB: Uses event mutexes
2021-04-04T12:28:18.098335Z 0 [Note] InnoDB: GCC builtin __atomic_thread_fence() is used for memory barrier
2021-04-04T12:28:18.099510Z 0 [Note] InnoDB: Compressed tables use zlib 1.2.11
2021-04-04T12:28:18.101334Z 0 [Note] InnoDB: Using Linux native AIO
2021-04-04T12:28:18.103396Z 0 [Note] InnoDB: Number of pools: 1
2021-04-04T12:28:18.104803Z 0 [Note] InnoDB: Using CPU crc32 instructions
2021-04-04T12:28:18.107943Z 0 [Note] InnoDB: Initializing buffer pool, total size = 128M, instances = 1, chunk size = 128M
2021-04-04T12:28:18.126281Z 0 [Note] InnoDB: Completed initialization of buffer pool
2021-04-04T12:28:18.130485Z 0 [Note] InnoDB: If the mysqld execution user is authorized, page cleaner thread priority can be changed. See the man page of setpriority().
2021-04-04T12:28:18.185605Z 0 [Note] InnoDB: Highest supported file format is Barracuda.
2021-04-04T12:28:18.315834Z 0 [Note] InnoDB: Creating shared tablespace for temporary tables
2021-04-04T12:28:18.320630Z 0 [Note] InnoDB: Setting file './ibtmp1' size to 12 MB. Physically writing the file full; Please wait ...
2021-04-04T12:28:18.478209Z 0 [Note] InnoDB: File './ibtmp1' size is now 12 MB.
2021-04-04T12:28:18.487824Z 0 [Note] InnoDB: 96 redo rollback segment(s) found. 96 redo rollback segment(s) are active.
2021-04-04T12:28:18.488824Z 0 [Note] InnoDB: 32 non-redo rollback segment(s) are active.
2021-04-04T12:28:18.490302Z 0 [Note] InnoDB: Waiting for purge to start
2021-04-04T12:28:18.541993Z 0 [Note] InnoDB: 5.7.33 started; log sequence number 2747417
2021-04-04T12:28:18.543283Z 0 [Note] InnoDB: Loading buffer pool(s) from /var/lib/mysql/ib_buffer_pool
2021-04-04T12:28:18.543609Z 0 [Note] Plugin 'FEDERATED' is disabled.
2021-04-04T12:28:18.604392Z 0 [Note] Found ca.pem, server-cert.pem and server-key.pem in data directory. Trying to enable SSL support using them.
2021-04-04T12:28:18.606115Z 0 [Note] Skipping generation of SSL certificates as certificate files are present in data directory.
2021-04-04T12:28:18.612455Z 0 [Note] InnoDB: Buffer pool(s) load completed at 210404 21:28:18
2021-04-04T12:28:18.625891Z 0 [Warning] CA certificate ca.pem is self signed.
2021-04-04T12:28:18.626865Z 0 [Note] Skipping generation of RSA key pair as key files are present in data directory.
2021-04-04T12:28:18.633887Z 0 [Warning] Insecure configuration for --pid-file: Location '/var/run/mysqld' in the path is accessible to all OS users. Consider choosing a different directory.
2021-04-04T12:28:19.051980Z 0 [Note] Event Scheduler: Loaded 0 events
2021-04-04T12:28:19.053769Z 0 [Note] mysqld: ready for connections.
Version: '5.7.33'  socket: '/var/run/mysqld/mysqld.sock'  port: 0  MySQL Community Server (GPL)
2021-04-04T12:28:23.202383Z 0 [Note] Giving 0 client threads a chance to die gracefully
2021-04-04T12:28:23.203030Z 0 [Note] Shutting down slave threads
2021-04-04T12:28:23.203626Z 0 [Note] Forcefully disconnecting 0 remaining clients
2021-04-04T12:28:23.204375Z 0 [Note] Event Scheduler: Purging the queue. 0 events
2021-04-04T12:28:23.205303Z 0 [Note] Binlog end
2021-04-04T12:28:23.208992Z 0 [Note] Shutting down plugin 'ngram'
2021-04-04T12:28:23.210408Z 0 [Note] Shutting down plugin 'partition'
2021-04-04T12:28:23.211454Z 0 [Note] Shutting down plugin 'BLACKHOLE'
2021-04-04T12:28:23.212088Z 0 [Note] Shutting down plugin 'ARCHIVE'
2021-04-04T12:28:23.212856Z 0 [Note] Shutting down plugin 'PERFORMANCE_SCHEMA'
2021-04-04T12:28:23.213500Z 0 [Note] Shutting down plugin 'MRG_MYISAM'
2021-04-04T12:28:23.214123Z 0 [Note] Shutting down plugin 'MyISAM'
2021-04-04T12:28:23.214807Z 0 [Note] Shutting down plugin 'INNODB_SYS_VIRTUAL'
2021-04-04T12:28:23.215486Z 0 [Note] Shutting down plugin 'INNODB_SYS_DATAFILES'
2021-04-04T12:28:23.216353Z 0 [Note] Shutting down plugin 'INNODB_SYS_TABLESPACES'
2021-04-04T12:28:23.217128Z 0 [Note] Shutting down plugin 'INNODB_SYS_FOREIGN_COLS'
2021-04-04T12:28:23.217982Z 0 [Note] Shutting down plugin 'INNODB_SYS_FOREIGN'
2021-04-04T12:28:23.218820Z 0 [Note] Shutting down plugin 'INNODB_SYS_FIELDS'
2021-04-04T12:28:23.219345Z 0 [Note] Shutting down plugin 'INNODB_SYS_COLUMNS'
2021-04-04T12:28:23.220105Z 0 [Note] Shutting down plugin 'INNODB_SYS_INDEXES'
2021-04-04T12:28:23.220600Z 0 [Note] Shutting down plugin 'INNODB_SYS_TABLESTATS'
2021-04-04T12:28:23.221331Z 0 [Note] Shutting down plugin 'INNODB_SYS_TABLES'
2021-04-04T12:28:23.222034Z 0 [Note] Shutting down plugin 'INNODB_FT_INDEX_TABLE'
2021-04-04T12:28:23.222695Z 0 [Note] Shutting down plugin 'INNODB_FT_INDEX_CACHE'
2021-04-04T12:28:23.223453Z 0 [Note] Shutting down plugin 'INNODB_FT_CONFIG'
2021-04-04T12:28:23.224405Z 0 [Note] Shutting down plugin 'INNODB_FT_BEING_DELETED'
2021-04-04T12:28:23.225214Z 0 [Note] Shutting down plugin 'INNODB_FT_DELETED'
2021-04-04T12:28:23.225785Z 0 [Note] Shutting down plugin 'INNODB_FT_DEFAULT_STOPWORD'
2021-04-04T12:28:23.226507Z 0 [Note] Shutting down plugin 'INNODB_METRICS'
2021-04-04T12:28:23.227235Z 0 [Note] Shutting down plugin 'INNODB_TEMP_TABLE_INFO'
2021-04-04T12:28:23.227959Z 0 [Note] Shutting down plugin 'INNODB_BUFFER_POOL_STATS'
2021-04-04T12:28:23.228557Z 0 [Note] Shutting down plugin 'INNODB_BUFFER_PAGE_LRU'
2021-04-04T12:28:23.229277Z 0 [Note] Shutting down plugin 'INNODB_BUFFER_PAGE'
2021-04-04T12:28:23.230342Z 0 [Note] Shutting down plugin 'INNODB_CMP_PER_INDEX_RESET'
2021-04-04T12:28:23.231096Z 0 [Note] Shutting down plugin 'INNODB_CMP_PER_INDEX'
2021-04-04T12:28:23.231756Z 0 [Note] Shutting down plugin 'INNODB_CMPMEM_RESET'
2021-04-04T12:28:23.232620Z 0 [Note] Shutting down plugin 'INNODB_CMPMEM'
2021-04-04T12:28:23.233389Z 0 [Note] Shutting down plugin 'INNODB_CMP_RESET'
2021-04-04T12:28:23.234060Z 0 [Note] Shutting down plugin 'INNODB_CMP'
2021-04-04T12:28:23.234751Z 0 [Note] Shutting down plugin 'INNODB_LOCK_WAITS'
2021-04-04T12:28:23.235400Z 0 [Note] Shutting down plugin 'INNODB_LOCKS'
2021-04-04T12:28:23.235987Z 0 [Note] Shutting down plugin 'INNODB_TRX'
2021-04-04T12:28:23.236582Z 0 [Note] Shutting down plugin 'InnoDB'
2021-04-04T12:28:23.237511Z 0 [Note] InnoDB: FTS optimize thread exiting.
2021-04-04T12:28:23.238320Z 0 [Note] InnoDB: Starting shutdown...
2021-04-04T12:28:23.342913Z 0 [Note] InnoDB: Dumping buffer pool(s) to /var/lib/mysql/ib_buffer_pool
2021-04-04T12:28:23.349573Z 0 [Note] InnoDB: Buffer pool(s) dump completed at 210404 21:28:23
2021-04-04T12:28:25.471933Z 0 [Note] InnoDB: Shutdown completed; log sequence number 12664865
2021-04-04T12:28:25.475803Z 0 [Note] InnoDB: Removed temporary tablespace data file: "ibtmp1"
2021-04-04T12:28:25.476588Z 0 [Note] Shutting down plugin 'MEMORY'
2021-04-04T12:28:25.477467Z 0 [Note] Shutting down plugin 'CSV'
2021-04-04T12:28:25.478228Z 0 [Note] Shutting down plugin 'sha256_password'
2021-04-04T12:28:25.479088Z 0 [Note] Shutting down plugin 'mysql_native_password'
2021-04-04T12:28:25.480156Z 0 [Note] Shutting down plugin 'binlog'
2021-04-04T12:28:25.484172Z 0 [Note] mysqld: Shutdown complete

2021-04-04T12:28:26.394799Z 0 [Warning] TIMESTAMP with implicit DEFAULT value is deprecated. Please use --explicit_defaults_for_timestamp server option (see documentation for more details).
2021-04-04T12:28:26.401605Z 0 [Note] mysqld (mysqld 5.7.33) starting as process 1 ...
2021-04-04T12:28:26.408797Z 0 [Warning] Setting lower_case_table_names=2 because file system for /var/lib/mysql/ is case insensitive
2021-04-04T12:28:26.413175Z 0 [Note] InnoDB: PUNCH HOLE support available
2021-04-04T12:28:26.414096Z 0 [Note] InnoDB: Mutexes and rw_locks use GCC atomic builtins
2021-04-04T12:28:26.414875Z 0 [Note] InnoDB: Uses event mutexes
2021-04-04T12:28:26.415577Z 0 [Note] InnoDB: GCC builtin __atomic_thread_fence() is used for memory barrier
2021-04-04T12:28:26.416242Z 0 [Note] InnoDB: Compressed tables use zlib 1.2.11
2021-04-04T12:28:26.416723Z 0 [Note] InnoDB: Using Linux native AIO
2021-04-04T12:28:26.417842Z 0 [Note] InnoDB: Number of pools: 1
2021-04-04T12:28:26.418746Z 0 [Note] InnoDB: Using CPU crc32 instructions
2021-04-04T12:28:26.420558Z 0 [Note] InnoDB: Initializing buffer pool, total size = 128M, instances = 1, chunk size = 128M
2021-04-04T12:28:26.429959Z 0 [Note] InnoDB: Completed initialization of buffer pool
2021-04-04T12:28:26.432406Z 0 [Note] InnoDB: If the mysqld execution user is authorized, page cleaner thread priority can be changed. See the man page of setpriority().
2021-04-04T12:28:26.479970Z 0 [Note] InnoDB: Highest supported file format is Barracuda.
2021-04-04T12:28:26.567011Z 0 [Note] InnoDB: Creating shared tablespace for temporary tables
2021-04-04T12:28:26.570209Z 0 [Note] InnoDB: Setting file './ibtmp1' size to 12 MB. Physically writing the file full; Please wait ...
2021-04-04T12:28:26.682962Z 0 [Note] InnoDB: File './ibtmp1' size is now 12 MB.
2021-04-04T12:28:26.687748Z 0 [Note] InnoDB: 96 redo rollback segment(s) found. 96 redo rollback segment(s) are active.
2021-04-04T12:28:26.688321Z 0 [Note] InnoDB: 32 non-redo rollback segment(s) are active.
2021-04-04T12:28:26.689222Z 0 [Note] InnoDB: Waiting for purge to start
2021-04-04T12:28:26.740138Z 0 [Note] InnoDB: 5.7.33 started; log sequence number 12664865
2021-04-04T12:28:26.742376Z 0 [Note] InnoDB: Loading buffer pool(s) from /var/lib/mysql/ib_buffer_pool
2021-04-04T12:28:26.742913Z 0 [Note] Plugin 'FEDERATED' is disabled.
2021-04-04T12:28:26.770107Z 0 [Note] Found ca.pem, server-cert.pem and server-key.pem in data directory. Trying to enable SSL support using them.
2021-04-04T12:28:26.770822Z 0 [Note] Skipping generation of SSL certificates as certificate files are present in data directory.
2021-04-04T12:28:26.779177Z 0 [Warning] CA certificate ca.pem is self signed.
2021-04-04T12:28:26.779946Z 0 [Note] Skipping generation of RSA key pair as key files are present in data directory.
2021-04-04T12:28:26.783212Z 0 [Note] Server hostname (bind-address): '*'; port: 3306
2021-04-04T12:28:26.783895Z 0 [Note] IPv6 is available.
2021-04-04T12:28:26.784934Z 0 [Note]   - '::' resolves to '::';
2021-04-04T12:28:26.786045Z 0 [Note] Server socket created on IP: '::'.
2021-04-04T12:28:26.809084Z 0 [Note] InnoDB: Buffer pool(s) load completed at 210404 21:28:26
2021-04-04T12:28:26.832161Z 0 [Warning] Insecure configuration for --pid-file: Location '/var/run/mysqld' in the path is accessible to all OS users. Consider choosing a different directory.
2021-04-04T12:28:27.023449Z 0 [Note] Event Scheduler: Loaded 0 events
2021-04-04T12:28:27.024371Z 0 [Note] mysqld: ready for connections.
Version: '5.7.33'  socket: '/var/run/mysqld/mysqld.sock'  port: 3306  MySQL Community Server (GPL)
2021-04-13T06:04:37.142518Z 0 [Warning] TIMESTAMP with implicit DEFAULT value is deprecated. Please use --explicit_defaults_for_timestamp server option (see documentation for more details).
2021-04-13T06:04:37.147539Z 0 [Note] mysqld (mysqld 5.7.33) starting as process 1 ...
2021-04-13T06:04:37.152812Z 0 [Warning] Setting lower_case_table_names=2 because file system for /var/lib/mysql/ is case insensitive
2021-04-13T06:04:37.167860Z 0 [Note] InnoDB: PUNCH HOLE support available
2021-04-13T06:04:37.168636Z 0 [Note] InnoDB: Mutexes and rw_locks use GCC atomic builtins
2021-04-13T06:04:37.169311Z 0 [Note] InnoDB: Uses event mutexes
2021-04-13T06:04:37.170002Z 0 [Note] InnoDB: GCC builtin __atomic_thread_fence() is used for memory barrier
2021-04-13T06:04:37.170392Z 0 [Note] InnoDB: Compressed tables use zlib 1.2.11
2021-04-13T06:04:37.171065Z 0 [Note] InnoDB: Using Linux native AIO
2021-04-13T06:04:37.173556Z 0 [Note] InnoDB: Number of pools: 1
2021-04-13T06:04:37.177585Z 0 [Note] InnoDB: Using CPU crc32 instructions
2021-04-13T06:04:37.189714Z 0 [Note] InnoDB: Initializing buffer pool, total size = 128M, instances = 1, chunk size = 128M
2021-04-13T06:04:37.238805Z 0 [Note] InnoDB: Completed initialization of buffer pool
2021-04-13T06:04:37.254515Z 0 [Note] InnoDB: If the mysqld execution user is authorized, page cleaner thread priority can be changed. See the man page of setpriority().
2021-04-13T06:04:37.307546Z 0 [Note] InnoDB: Highest supported file format is Barracuda.
2021-04-13T06:04:37.315280Z 0 [Note] InnoDB: Log scan progressed past the checkpoint lsn 12664884
2021-04-13T06:04:37.315863Z 0 [Note] InnoDB: Doing recovery: scanned up to log sequence number 12664893
2021-04-13T06:04:37.316301Z 0 [Note] InnoDB: Database was not shutdown normally!
2021-04-13T06:04:37.318170Z 0 [Note] InnoDB: Starting crash recovery.
2021-04-13T06:04:37.736597Z 0 [Note] InnoDB: Removed temporary tablespace data file: "ibtmp1"
2021-04-13T06:04:37.737624Z 0 [Note] InnoDB: Creating shared tablespace for temporary tables
2021-04-13T06:04:37.742228Z 0 [Note] InnoDB: Setting file './ibtmp1' size to 12 MB. Physically writing the file full; Please wait ...
2021-04-13T06:04:37.924003Z 0 [Note] InnoDB: File './ibtmp1' size is now 12 MB.
2021-04-13T06:04:37.937079Z 0 [Note] InnoDB: 96 redo rollback segment(s) found. 96 redo rollback segment(s) are active.
2021-04-13T06:04:37.937518Z 0 [Note] InnoDB: 32 non-redo rollback segment(s) are active.
2021-04-13T06:04:37.938741Z 0 [Note] InnoDB: Waiting for purge to start
2021-04-13T06:04:37.993642Z 0 [Note] InnoDB: 5.7.33 started; log sequence number 12664893
2021-04-13T06:04:37.994835Z 0 [Note] InnoDB: Loading buffer pool(s) from /var/lib/mysql/ib_buffer_pool
2021-04-13T06:04:37.995986Z 0 [Note] Plugin 'FEDERATED' is disabled.
2021-04-13T06:04:38.037465Z 0 [Note] Found ca.pem, server-cert.pem and server-key.pem in data directory. Trying to enable SSL support using them.
2021-04-13T06:04:38.038554Z 0 [Note] Skipping generation of SSL certificates as certificate files are present in data directory.
2021-04-13T06:04:38.050069Z 0 [Note] InnoDB: Buffer pool(s) load completed at 210413 15:04:38
2021-04-13T06:04:38.051080Z 0 [Warning] CA certificate ca.pem is self signed.
2021-04-13T06:04:38.052068Z 0 [Note] Skipping generation of RSA key pair as key files are present in data directory.
2021-04-13T06:04:38.056887Z 0 [Note] Server hostname (bind-address): '*'; port: 3306
2021-04-13T06:04:38.057468Z 0 [Note] IPv6 is available.
2021-04-13T06:04:38.058008Z 0 [Note]   - '::' resolves to '::';
2021-04-13T06:04:38.058523Z 0 [Note] Server socket created on IP: '::'.
2021-04-13T06:04:38.061620Z 0 [Warning] Insecure configuration for --pid-file: Location '/var/run/mysqld' in the path is accessible to all OS users. Consider choosing a different directory.
2021-04-13T06:04:38.315659Z 0 [Note] Event Scheduler: Loaded 0 events
2021-04-13T06:04:38.316429Z 0 [Note] mysqld: ready for connections.
Version: '5.7.33'  socket: '/var/run/mysqld/mysqld.sock'  port: 3306  MySQL Community Server (GPL)
2021-04-13T06:10:03.598814Z 0 [Note] Giving 0 client threads a chance to die gracefully
2021-04-13T06:10:03.617019Z 0 [Note] Shutting down slave threads
2021-04-13T06:10:03.617588Z 0 [Note] Forcefully disconnecting 0 remaining clients
2021-04-13T06:10:03.618037Z 0 [Note] Event Scheduler: Purging the queue. 0 events
2021-04-13T06:10:03.618776Z 0 [Note] Binlog end
2021-04-13T06:10:03.619846Z 0 [Note] Shutting down plugin 'ngram'
2021-04-13T06:10:03.624277Z 0 [Note] Shutting down plugin 'partition'
2021-04-13T06:10:03.626236Z 0 [Note] Shutting down plugin 'BLACKHOLE'
2021-04-13T06:10:03.627288Z 0 [Note] Shutting down plugin 'ARCHIVE'
2021-04-13T06:10:03.627851Z 0 [Note] Shutting down plugin 'PERFORMANCE_SCHEMA'
2021-04-13T06:10:03.628390Z 0 [Note] Shutting down plugin 'MRG_MYISAM'
2021-04-13T06:10:03.628918Z 0 [Note] Shutting down plugin 'MyISAM'
2021-04-13T06:10:03.629538Z 0 [Note] Shutting down plugin 'INNODB_SYS_VIRTUAL'
2021-04-13T06:10:03.630086Z 0 [Note] Shutting down plugin 'INNODB_SYS_DATAFILES'
2021-04-13T06:10:03.630845Z 0 [Note] Shutting down plugin 'INNODB_SYS_TABLESPACES'
2021-04-13T06:10:03.631422Z 0 [Note] Shutting down plugin 'INNODB_SYS_FOREIGN_COLS'
2021-04-13T06:10:03.632029Z 0 [Note] Shutting down plugin 'INNODB_SYS_FOREIGN'
2021-04-13T06:10:03.632676Z 0 [Note] Shutting down plugin 'INNODB_SYS_FIELDS'
2021-04-13T06:10:03.633297Z 0 [Note] Shutting down plugin 'INNODB_SYS_COLUMNS'
2021-04-13T06:10:03.633947Z 0 [Note] Shutting down plugin 'INNODB_SYS_INDEXES'
2021-04-13T06:10:03.634455Z 0 [Note] Shutting down plugin 'INNODB_SYS_TABLESTATS'
2021-04-13T06:10:03.634969Z 0 [Note] Shutting down plugin 'INNODB_SYS_TABLES'
2021-04-13T06:10:03.635416Z 0 [Note] Shutting down plugin 'INNODB_FT_INDEX_TABLE'
2021-04-13T06:10:03.635794Z 0 [Note] Shutting down plugin 'INNODB_FT_INDEX_CACHE'
2021-04-13T06:10:03.636198Z 0 [Note] Shutting down plugin 'INNODB_FT_CONFIG'
2021-04-13T06:10:03.636695Z 0 [Note] Shutting down plugin 'INNODB_FT_BEING_DELETED'
2021-04-13T06:10:03.637225Z 0 [Note] Shutting down plugin 'INNODB_FT_DELETED'
2021-04-13T06:10:03.637665Z 0 [Note] Shutting down plugin 'INNODB_FT_DEFAULT_STOPWORD'
2021-04-13T06:10:03.638235Z 0 [Note] Shutting down plugin 'INNODB_METRICS'
2021-04-13T06:10:03.638774Z 0 [Note] Shutting down plugin 'INNODB_TEMP_TABLE_INFO'
2021-04-13T06:10:03.639396Z 0 [Note] Shutting down plugin 'INNODB_BUFFER_POOL_STATS'
2021-04-13T06:10:03.639891Z 0 [Note] Shutting down plugin 'INNODB_BUFFER_PAGE_LRU'
2021-04-13T06:10:03.640304Z 0 [Note] Shutting down plugin 'INNODB_BUFFER_PAGE'
2021-04-13T06:10:03.640829Z 0 [Note] Shutting down plugin 'INNODB_CMP_PER_INDEX_RESET'
2021-04-13T06:10:03.641345Z 0 [Note] Shutting down plugin 'INNODB_CMP_PER_INDEX'
2021-04-13T06:10:03.641848Z 0 [Note] Shutting down plugin 'INNODB_CMPMEM_RESET'
2021-04-13T06:10:03.642304Z 0 [Note] Shutting down plugin 'INNODB_CMPMEM'
2021-04-13T06:10:03.642761Z 0 [Note] Shutting down plugin 'INNODB_CMP_RESET'
2021-04-13T06:10:03.643208Z 0 [Note] Shutting down plugin 'INNODB_CMP'
2021-04-13T06:10:03.643733Z 0 [Note] Shutting down plugin 'INNODB_LOCK_WAITS'
2021-04-13T06:10:03.644276Z 0 [Note] Shutting down plugin 'INNODB_LOCKS'
2021-04-13T06:10:03.644689Z 0 [Note] Shutting down plugin 'INNODB_TRX'
2021-04-13T06:10:03.645051Z 0 [Note] Shutting down plugin 'InnoDB'
2021-04-13T06:10:03.645621Z 0 [Note] InnoDB: FTS optimize thread exiting.
2021-04-13T06:10:03.646204Z 0 [Note] InnoDB: Starting shutdown...
2021-04-13T06:10:03.751246Z 0 [Note] InnoDB: Dumping buffer pool(s) to /var/lib/mysql/ib_buffer_pool
2021-04-13T06:10:03.758127Z 0 [Note] InnoDB: Buffer pool(s) dump completed at 210413 15:10:03
2021-04-13T06:10:05.404301Z 0 [Note] InnoDB: Shutdown completed; log sequence number 12664921
2021-04-13T06:10:05.409077Z 0 [Note] InnoDB: Removed temporary tablespace data file: "ibtmp1"
2021-04-13T06:10:05.409856Z 0 [Note] Shutting down plugin 'MEMORY'
2021-04-13T06:10:05.410487Z 0 [Note] Shutting down plugin 'CSV'
2021-04-13T06:10:05.411064Z 0 [Note] Shutting down plugin 'sha256_password'
2021-04-13T06:10:05.411573Z 0 [Note] Shutting down plugin 'mysql_native_password'
2021-04-13T06:10:05.412367Z 0 [Note] Shutting down plugin 'binlog'
2021-04-13T06:10:05.415191Z 0 [Note] mysqld: Shutdown complete

